<?xml version="1.0" encoding="UTF-8"?>
<testsuite xmlns:xsi="http://www.w3.org/2001/XMLSchema-instance" xsi:noNamespaceSchemaLocation="https://maven.apache.org/surefire/maven-surefire-plugin/xsd/surefire-test-report-3.0.xsd" version="3.0" name="com.jpa.test.BankControllerTest" time="17.39" tests="2" errors="0" skipped="0" failures="0">
  <properties>
[...]
</properties>
  <testcase name="testSaveBankDetails" classname="com.jpa.test.BankControllerTest" time="2.759">
    <system-out><![CDATA[Standard Commons Logging discovery in action with spring-jcl: please remove commons-logging.jar from classpath in order to avoid potential conflicts

  .   ____          _            __ _ _
 /\\ / ___'_ __ _ _(_)_ __  __ _ \ \ \ \
( ( )\___ | '_ | '_| | '_ \/ _` | \ \ \ \
 \\/  ___)| |_)| | | | | || (_| |  ) ) ) )
  '  |____| .__|_| |_|_| |_\__, | / / / /
 =========|_|==============|___/=/_/_/_/
 :: Spring Boot ::                (v3.1.2)

2023-09-05T13:07:48.591+05:30  INFO 12552 --- [           main] com.jpa.test.BankControllerTest          : Starting BankControllerTest using Java 17.0.6 with PID 12552 (started by LENOVO in D:\OneHealth-Access\bankdetails)
2023-09-05T13:07:48.596+05:30  INFO 12552 --- [           main] com.jpa.test.BankControllerTest          : No active profile set, falling back to 1 default profile: "default"
2023-09-05T13:07:50.577+05:30  INFO 12552 --- [           main] .s.d.r.c.RepositoryConfigurationDelegate : Bootstrapping Spring Data JPA repositories in DEFAULT mode.
2023-09-05T13:07:50.961+05:30  INFO 12552 --- [           main] .s.d.r.c.RepositoryConfigurationDelegate : Finished Spring Data repository scanning in 368 ms. Found 1 JPA repository interfaces.
2023-09-05T13:07:51.714+05:30  INFO 12552 --- [           main] o.s.cloud.context.scope.GenericScope     : BeanFactory id=e127b641-7424-39e8-ae6e-89fdb9420e54
2023-09-05T13:07:52.089+05:30  INFO 12552 --- [           main] trationDelegate$BeanPostProcessorChecker : Bean 'org.springframework.cloud.client.loadbalancer.reactive.LoadBalancerBeanPostProcessorAutoConfiguration' of type [org.springframework.cloud.client.loadbalancer.reactive.LoadBalancerBeanPostProcessorAutoConfiguration] is not eligible for getting processed by all BeanPostProcessors (for example: not eligible for auto-proxying)
2023-09-05T13:07:52.092+05:30  INFO 12552 --- [           main] trationDelegate$BeanPostProcessorChecker : Bean 'org.springframework.cloud.client.loadbalancer.reactive.LoadBalancerBeanPostProcessorAutoConfiguration$ReactorDeferringLoadBalancerFilterConfig' of type [org.springframework.cloud.client.loadbalancer.reactive.LoadBalancerBeanPostProcessorAutoConfiguration$ReactorDeferringLoadBalancerFilterConfig] is not eligible for getting processed by all BeanPostProcessors (for example: not eligible for auto-proxying)
2023-09-05T13:07:52.095+05:30  INFO 12552 --- [           main] trationDelegate$BeanPostProcessorChecker : Bean 'reactorDeferringLoadBalancerExchangeFilterFunction' of type [org.springframework.cloud.client.loadbalancer.reactive.DeferringLoadBalancerExchangeFilterFunction] is not eligible for getting processed by all BeanPostProcessors (for example: not eligible for auto-proxying)
2023-09-05T13:07:52.656+05:30  INFO 12552 --- [           main] o.hibernate.jpa.internal.util.LogHelper  : HHH000204: Processing PersistenceUnitInfo [name: default]
2023-09-05T13:07:52.844+05:30  INFO 12552 --- [           main] org.hibernate.Version                    : HHH000412: Hibernate ORM core version 6.2.6.Final
2023-09-05T13:07:52.850+05:30  INFO 12552 --- [           main] org.hibernate.cfg.Environment            : HHH000406: Using bytecode reflection optimizer
2023-09-05T13:07:53.765+05:30  INFO 12552 --- [           main] o.h.b.i.BytecodeProviderInitiator        : HHH000021: Bytecode provider name : bytebuddy
2023-09-05T13:07:54.248+05:30  INFO 12552 --- [           main] o.s.o.j.p.SpringPersistenceUnitInfo      : No LoadTimeWeaver setup: ignoring JPA class transformer
2023-09-05T13:07:54.285+05:30  INFO 12552 --- [           main] com.zaxxer.hikari.HikariDataSource       : HikariPool-1 - Starting...
2023-09-05T13:07:54.746+05:30  INFO 12552 --- [           main] com.zaxxer.hikari.pool.HikariPool        : HikariPool-1 - Added connection org.postgresql.jdbc.PgConnection@6550ce46
2023-09-05T13:07:54.750+05:30  INFO 12552 --- [           main] com.zaxxer.hikari.HikariDataSource       : HikariPool-1 - Start completed.
2023-09-05T13:07:55.347+05:30  INFO 12552 --- [           main] o.h.b.i.BytecodeProviderInitiator        : HHH000021: Bytecode provider name : bytebuddy
2023-09-05T13:07:56.730+05:30  INFO 12552 --- [           main] o.h.e.t.j.p.i.JtaPlatformInitiator       : HHH000490: Using JtaPlatform implementation: [org.hibernate.engine.transaction.jta.platform.internal.NoJtaPlatform]
2023-09-05T13:07:56.804+05:30  INFO 12552 --- [           main] j.LocalContainerEntityManagerFactoryBean : Initialized JPA EntityManagerFactory for persistence unit 'default'
2023-09-05T13:07:58.815+05:30  INFO 12552 --- [           main] DiscoveryClientOptionalArgsConfiguration : Eureka HTTP Client uses RestTemplate.
2023-09-05T13:07:59.411+05:30  WARN 12552 --- [           main] iguration$LoadBalancerCaffeineWarnLogger : Spring Cloud LoadBalancer is currently working with the default cache. While this cache implementation is useful for development and tests, it's recommended to use Caffeine cache in production.You can switch to using Caffeine cache, by adding it and org.springframework.cache.caffeine.CaffeineCacheManager to the classpath.
2023-09-05T13:07:59.447+05:30  INFO 12552 --- [           main] o.s.c.n.eureka.InstanceInfoFactory       : Setting initial instance status as: STARTING
2023-09-05T13:07:59.623+05:30  INFO 12552 --- [           main] com.netflix.discovery.DiscoveryClient    : Initializing Eureka in region us-east-1
2023-09-05T13:07:59.635+05:30  INFO 12552 --- [           main] c.n.d.s.r.aws.ConfigClusterResolver      : Resolving eureka endpoints via configuration
2023-09-05T13:07:59.681+05:30  INFO 12552 --- [           main] com.netflix.discovery.DiscoveryClient    : Disable delta property : false
2023-09-05T13:07:59.681+05:30  INFO 12552 --- [           main] com.netflix.discovery.DiscoveryClient    : Single vip registry refresh property : null
2023-09-05T13:07:59.681+05:30  INFO 12552 --- [           main] com.netflix.discovery.DiscoveryClient    : Force full registry fetch : false
2023-09-05T13:07:59.681+05:30  INFO 12552 --- [           main] com.netflix.discovery.DiscoveryClient    : Application is null : false
2023-09-05T13:07:59.682+05:30  INFO 12552 --- [           main] com.netflix.discovery.DiscoveryClient    : Registered Applications size is zero : true
2023-09-05T13:07:59.682+05:30  INFO 12552 --- [           main] com.netflix.discovery.DiscoveryClient    : Application version is -1: true
2023-09-05T13:07:59.682+05:30  INFO 12552 --- [           main] com.netflix.discovery.DiscoveryClient    : Getting all instance registry info from the eureka server
2023-09-05T13:08:01.378+05:30  INFO 12552 --- [           main] com.netflix.discovery.DiscoveryClient    : The response status is 200
2023-09-05T13:08:01.382+05:30  INFO 12552 --- [           main] com.netflix.discovery.DiscoveryClient    : Starting heartbeat executor: renew interval is: 30
2023-09-05T13:08:01.387+05:30  INFO 12552 --- [           main] c.n.discovery.InstanceInfoReplicator     : InstanceInfoReplicator onDemand update allowed rate per min is 4
2023-09-05T13:08:01.415+05:30  INFO 12552 --- [           main] com.netflix.discovery.DiscoveryClient    : Discovery Client initialized at timestamp 1693899481413 with initial instances count: 19
2023-09-05T13:08:01.421+05:30  INFO 12552 --- [           main] o.s.c.n.e.s.EurekaServiceRegistry        : Registering application ONEHEALTH-DOCTORBANKDETAILS with eureka with status UP
2023-09-05T13:08:01.422+05:30  INFO 12552 --- [           main] com.netflix.discovery.DiscoveryClient    : Saw local status change event StatusChangeEvent [timestamp=1693899481422, current=UP, previous=STARTING]
2023-09-05T13:08:01.426+05:30  INFO 12552 --- [nfoReplicator-0] com.netflix.discovery.DiscoveryClient    : DiscoveryClient_ONEHEALTH-DOCTORBANKDETAILS/DESKTOP-UDNPO65:OneHealth-DoctorBankDetails: registering service...
2023-09-05T13:08:01.459+05:30  INFO 12552 --- [           main] com.jpa.test.BankControllerTest          : Started BankControllerTest in 13.693 seconds (process running for 15.583)
2023-09-05T13:08:02.259+05:30  INFO 12552 --- [nfoReplicator-0] com.netflix.discovery.DiscoveryClient    : DiscoveryClient_ONEHEALTH-DOCTORBANKDETAILS/DESKTOP-UDNPO65:OneHealth-DoctorBankDetails - registration status: 204
Status Code = 201
]]></system-out>
  </testcase>
  <testcase name="testGetAllDoctorsBankDetails" classname="com.jpa.test.BankControllerTest" time="0.227"/>
</testsuite>